2023-11-24 09:49:04
La commande n'a pas été reconnue, tapper '--help' pour plus d'information.

2023-11-24 09:49:20
La commande n'a pas été reconnue, tapper '--help' pour plus d'information.

2023-11-24 09:50:58
Une erreur c'est produite lors de l'éxécution du filtre sur l'image 'q4jg.webp'. Veuillez vérifier les paramètre (--help).

2023-11-24 09:50:58
Une erreur c'est produite lors de l'éxécution du filtre sur l'image 'pic1.jpg'. Veuillez vérifier les paramètre (--help).

2023-11-24 09:50:58
---- ### Erreur format fichier ### ----

2023-11-24 09:50:58
La modification de l'image 'pic2.jpeg' n'est pas supporter avec le format JPEG.

2023-11-24 09:51:09
Une erreur c'est produite lors de l'éxécution du filtre sur l'image 'q4jg.webp'. Veuillez vérifier les paramètre (--help).

2023-11-24 09:51:09
Une erreur c'est produite lors de l'éxécution du filtre sur l'image 'pic1.jpg'. Veuillez vérifier les paramètre (--help).

2023-11-24 09:51:09
---- ### Erreur format fichier ### ----

2023-11-24 09:51:09
La modification de l'image 'pic2.jpeg' n'est pas supporter avec le format JPEG.

2023-11-24 09:51:40
Une erreur c'est produite lors de l'éxécution du filtre sur l'image 'q4jg.webp'. Veuillez vérifier les paramètre (--help).

2023-11-24 09:51:40
Une erreur c'est produite lors de l'éxécution du filtre sur l'image 'pic1.jpg'. Veuillez vérifier les paramètre (--help).

2023-11-24 09:51:40
---- ### Erreur format fichier ### ----

2023-11-24 09:51:40
La modification de l'image 'pic2.jpeg' n'est pas supporter avec le format JPEG.

2023-11-24 09:55:11
Une erreur c'est produite lors de l'éxécution du filtre sur l'image 'q4jg.webp'. Veuillez vérifier les paramètre (--help).

2023-11-24 09:55:11
Une erreur c'est produite lors de l'éxécution du filtre sur l'image 'pic1.jpg'. Veuillez vérifier les paramètre (--help).

2023-11-24 09:55:11
---- ### Erreur format fichier ### ----

2023-11-24 09:55:11
La modification de l'image 'pic2.jpeg' n'est pas supporter avec le format JPEG.

2023-11-24 09:55:22
Une erreur c'est produite lors de l'éxécution du filtre sur l'image 'q4jg.webp'. Veuillez vérifier les paramètre (--help).

2023-11-24 09:55:22
Une erreur c'est produite lors de l'éxécution du filtre sur l'image 'pic1.jpg'. Veuillez vérifier les paramètre (--help).

2023-11-24 09:55:22
---- ### Erreur format fichier ### ----

2023-11-24 09:55:22
La modification de l'image 'pic2.jpeg' n'est pas supporter avec le format JPEG.

2023-11-24 10:00:00
Une erreur c'est produite lors de l'éxécution du filtre sur l'image 'q4jg.webp'. Veuillez vérifier les paramètre (--help).

2023-11-24 10:00:00
Une erreur c'est produite lors de l'éxécution du filtre sur l'image 'pic1.jpg'. Veuillez vérifier les paramètre (--help).

2023-11-24 10:00:00
---- ### Erreur format fichier ### ----

2023-11-24 10:00:00
La modification de l'image 'pic2.jpeg' n'est pas supporter avec le format JPEG.

2023-11-24 10:00:08
Une erreur c'est produite lors de l'éxécution du filtre sur l'image 'q4jg.webp'. Veuillez vérifier les paramètre (--help).

2023-11-24 10:00:08
Une erreur c'est produite lors de l'éxécution du filtre sur l'image 'pic1.jpg'. Veuillez vérifier les paramètre (--help).

2023-11-24 10:00:08
---- ### Erreur format fichier ### ----

2023-11-24 10:00:08
La modification de l'image 'pic2.jpeg' n'est pas supporter avec le format JPEG.

2023-11-24 10:00:55
Une erreur c'est produite lors de l'éxécution du filtre sur l'image 'q4jg.webp'. Veuillez vérifier les paramètre (--help).

2023-11-24 10:00:55
Une erreur c'est produite lors de l'éxécution du filtre sur l'image 'pic1.jpg'. Veuillez vérifier les paramètre (--help).

2023-11-24 10:00:55
Une erreur c'est produite lors de l'éxécution du filtre sur l'image 'pic2.jpg'. Veuillez vérifier les paramètre (--help).

2023-11-24 10:02:27
---- ### Redimensionnement ### ----

2023-11-24 10:02:28
Le texte à bien été ajouter sur l'image 'q4jg.webp'.

2023-11-24 10:02:28
---- ### Redimensionnement ### ----

2023-11-24 10:02:28
Le texte à bien été ajouter sur l'image 'pic1.jpg'.

2023-11-24 10:02:28
---- ### Erreur format fichier ### ----

2023-11-24 10:02:28
La modification de l'image 'pic2.jpeg' n'est pas supporter avec le format JPEG.

2023-11-24 10:40:02
---- ### Redimensionnement ### ----

2023-11-24 10:40:03
Le texte à bien été ajouter sur l'image 'q4jg.webp'.

2023-11-24 10:40:03
---- ### Redimensionnement ### ----

2023-11-24 10:40:03
Le texte à bien été ajouter sur l'image 'pic1.jpg'.

2023-11-24 10:40:03
---- ### Erreur format fichier ### ----

2023-11-24 10:40:03
La modification de l'image 'pic2.jpeg' n'est pas supporter avec le format JPEG.

2023-11-24 10:50:18
Une erreur c'est produite lors de l'éxécution du filtre sur l'image 'q4jg.webp'. Veuillez vérifier les paramètre (--help).

2023-11-24 10:50:18
Une erreur c'est produite lors de l'éxécution du filtre sur l'image 'pic1.jpg'. Veuillez vérifier les paramètre (--help).

2023-11-24 10:50:18
---- ### Erreur format fichier ### ----

2023-11-24 10:50:18
La modification de l'image 'pic2.jpeg' n'est pas supporter avec le format JPEG.

2023-11-24 10:52:25
Une erreur c'est produite lors de l'éxécution du filtre sur l'image 'q4jg.webp'. Veuillez vérifier les paramètre (--help).

2023-11-24 10:52:25
Une erreur c'est produite lors de l'éxécution du filtre sur l'image 'pic1.jpg'. Veuillez vérifier les paramètre (--help).

2023-11-24 10:52:25
---- ### Erreur format fichier ### ----

2023-11-24 10:52:25
La modification de l'image 'pic2.jpeg' n'est pas supporter avec le format JPEG.

2023-11-24 13:25:48
Une erreur c'est produite lors de l'éxécution du filtre sur l'image 'q4jg.webp'. Veuillez vérifier les paramètre (--help).

2023-11-24 13:25:48
Une erreur c'est produite lors de l'éxécution du filtre sur l'image 'pic1.jpg'. Veuillez vérifier les paramètre (--help).

2023-11-24 13:25:48
---- ### Erreur format fichier ### ----

2023-11-24 13:25:48
La modification de l'image 'pic2.jpeg' n'est pas supporter avec le format JPEG.

2023-11-24 14:06:38
La commande n'a pas été reconnue, tapper '--help' pour plus d'information.

2023-11-24 14:07:07
La commande n'a pas été reconnue, tapper '--help' pour plus d'information.

2023-11-24 14:15:22
La commande n'a pas été reconnue, tapper '--help' pour plus d'information.

2023-11-24 14:18:12
Une erreur c'est produite lors de l'éxécution du filtre sur l'image 'q4jg.webp'. Veuillez vérifier les paramètre (--help).

2023-11-24 14:18:12
Une erreur c'est produite lors de l'éxécution du filtre sur l'image 'pic1.jpg'. Veuillez vérifier les paramètre (--help).

2023-11-24 14:18:12
---- ### Erreur format fichier ### ----

2023-11-24 14:18:12
La modification de l'image 'pic2.jpeg' n'est pas supporter avec le format JPEG.

2023-11-24 14:19:02
---- ### Rotation ### ----

2023-11-24 14:19:03
L'image 'q4jg.webp' a bien été tournée de 90°.

2023-11-24 14:19:03
---- ### Rotation ### ----

2023-11-24 14:19:03
L'image 'pic1.jpg' a bien été tournée de 90°.

2023-11-24 14:19:03
---- ### Erreur format fichier ### ----

2023-11-24 14:19:03
La modification de l'image 'pic2.jpeg' n'est pas supporter avec le format JPEG.

